<?xml version="1.0" encoding="UTF-8"?>
<testng-results skipped="3" failed="0" total="3" passed="0">
  <reporter-output>
  </reporter-output>
  <suite name="Suite" duration-ms="62209" started-at="2020-04-25T17:21:20Z" finished-at="2020-04-25T17:22:22Z">
    <groups>
    </groups>
    <test name="Test" duration-ms="62209" started-at="2020-04-25T17:21:20Z" finished-at="2020-04-25T17:22:22Z">
      <class name="TestScripts.cmslandtestandlinkverify">
        <test-method status="PASS" signature="startReport()[pri:0, instance:TestScripts.cmslandtestandlinkverify@14bf9759]" name="startReport" is-config="true" duration-ms="366" started-at="2020-04-25T22:51:20Z" finished-at="2020-04-25T22:51:20Z">
          <reporter-output>
          </reporter-output>
        </test-method> <!-- startReport -->
        <test-method status="FAIL" signature="Launch()[pri:0, instance:TestScripts.cmslandtestandlinkverify@14bf9759]" name="Launch" is-config="true" duration-ms="0" started-at="2020-04-25T22:51:20Z" finished-at="2020-04-25T22:51:20Z">
          <exception class="org.openqa.selenium.NoSuchElementException">
            <message>
              <![CDATA[no such element: Unable to locate element: {"method":"link text","selector":"Log in"}
  (Session info: chrome=81.0.4044.122)
For documentation on this error, please visit: https://www.seleniumhq.org/exceptions/no_such_element.html
Build info: version: '3.141.59', revision: 'e82be7d358', time: '2018-11-14T08:25:53'
System info: host: 'GEORGEPULINTHAN', ip: '192.168.43.90', os.name: 'Windows 7', os.arch: 'amd64', os.version: '6.1', java.version: '1.8.0_141'
Driver info: org.openqa.selenium.chrome.ChromeDriver
Capabilities {acceptInsecureCerts: false, browserName: chrome, browserVersion: 81.0.4044.122, chrome: {chromedriverVersion: 80.0.3987.106 (f68069574609..., userDataDir: C:\Users\GEORGE~1\AppData\L...}, goog:chromeOptions: {debuggerAddress: localhost:50056}, javascriptEnabled: true, networkConnectionEnabled: false, pageLoadStrategy: normal, platform: WINDOWS, platformName: WINDOWS, proxy: Proxy(), setWindowRect: true, strictFileInteractability: false, timeouts: {implicit: 0, pageLoad: 300000, script: 30000}, unhandledPromptBehavior: dismiss and notify}
Session ID: 24f481d87d6654c2b866348f4e258a80
*** Element info: {Using=link text, value=Log in}]]>
            </message>
            <full-stacktrace>
              <![CDATA[org.openqa.selenium.NoSuchElementException: no such element: Unable to locate element: {"method":"link text","selector":"Log in"}
  (Session info: chrome=81.0.4044.122)
For documentation on this error, please visit: https://www.seleniumhq.org/exceptions/no_such_element.html
Build info: version: '3.141.59', revision: 'e82be7d358', time: '2018-11-14T08:25:53'
System info: host: 'GEORGEPULINTHAN', ip: '192.168.43.90', os.name: 'Windows 7', os.arch: 'amd64', os.version: '6.1', java.version: '1.8.0_141'
Driver info: org.openqa.selenium.chrome.ChromeDriver
Capabilities {acceptInsecureCerts: false, browserName: chrome, browserVersion: 81.0.4044.122, chrome: {chromedriverVersion: 80.0.3987.106 (f68069574609..., userDataDir: C:\Users\GEORGE~1\AppData\L...}, goog:chromeOptions: {debuggerAddress: localhost:50056}, javascriptEnabled: true, networkConnectionEnabled: false, pageLoadStrategy: normal, platform: WINDOWS, platformName: WINDOWS, proxy: Proxy(), setWindowRect: true, strictFileInteractability: false, timeouts: {implicit: 0, pageLoad: 300000, script: 30000}, unhandledPromptBehavior: dismiss and notify}
Session ID: 24f481d87d6654c2b866348f4e258a80
*** Element info: {Using=link text, value=Log in}
	at sun.reflect.NativeConstructorAccessorImpl.newInstance0(Native Method)
	at sun.reflect.NativeConstructorAccessorImpl.newInstance(NativeConstructorAccessorImpl.java:62)
	at sun.reflect.DelegatingConstructorAccessorImpl.newInstance(DelegatingConstructorAccessorImpl.java:45)
	at java.lang.reflect.Constructor.newInstance(Constructor.java:423)
	at org.openqa.selenium.remote.http.W3CHttpResponseCodec.createException(W3CHttpResponseCodec.java:187)
	at org.openqa.selenium.remote.http.W3CHttpResponseCodec.decode(W3CHttpResponseCodec.java:122)
	at org.openqa.selenium.remote.http.W3CHttpResponseCodec.decode(W3CHttpResponseCodec.java:49)
	at org.openqa.selenium.remote.HttpCommandExecutor.execute(HttpCommandExecutor.java:158)
	at org.openqa.selenium.remote.service.DriverCommandExecutor.execute(DriverCommandExecutor.java:83)
	at org.openqa.selenium.remote.RemoteWebDriver.execute(RemoteWebDriver.java:552)
	at org.openqa.selenium.remote.RemoteWebDriver.findElement(RemoteWebDriver.java:323)
	at org.openqa.selenium.remote.RemoteWebDriver.findElementByLinkText(RemoteWebDriver.java:380)
	at org.openqa.selenium.By$ByLinkText.findElement(By.java:220)
	at org.openqa.selenium.remote.RemoteWebDriver.findElement(RemoteWebDriver.java:315)
	at org.openqa.selenium.support.pagefactory.DefaultElementLocator.findElement(DefaultElementLocator.java:69)
	at org.openqa.selenium.support.pagefactory.internal.LocatingElementHandler.invoke(LocatingElementHandler.java:38)
	at com.sun.proxy.$Proxy11.click(Unknown Source)
	at Base.cmsbase.Launch(cmsbase.java:142)
	at sun.reflect.NativeMethodAccessorImpl.invoke0(Native Method)
	at sun.reflect.NativeMethodAccessorImpl.invoke(NativeMethodAccessorImpl.java:62)
	at sun.reflect.DelegatingMethodAccessorImpl.invoke(DelegatingMethodAccessorImpl.java:43)
	at java.lang.reflect.Method.invoke(Method.java:498)
	at org.testng.internal.MethodInvocationHelper.invokeMethod(MethodInvocationHelper.java:86)
	at org.testng.internal.Invoker.invokeConfigurationMethod(Invoker.java:514)
	at org.testng.internal.Invoker.invokeConfigurations(Invoker.java:215)
	at org.testng.internal.Invoker.invokeMethod(Invoker.java:589)
	at org.testng.internal.Invoker.invokeTestMethod(Invoker.java:820)
	at org.testng.internal.Invoker.invokeTestMethods(Invoker.java:1128)
	at org.testng.internal.TestMethodWorker.invokeTestMethods(TestMethodWorker.java:129)
	at org.testng.internal.TestMethodWorker.run(TestMethodWorker.java:112)
	at org.testng.TestRunner.privateRun(TestRunner.java:782)
	at org.testng.TestRunner.run(TestRunner.java:632)
	at org.testng.SuiteRunner.runTest(SuiteRunner.java:366)
	at org.testng.SuiteRunner.runSequentially(SuiteRunner.java:361)
	at org.testng.SuiteRunner.privateRun(SuiteRunner.java:319)
	at org.testng.SuiteRunner.run(SuiteRunner.java:268)
	at org.testng.SuiteRunnerWorker.runSuite(SuiteRunnerWorker.java:52)
	at org.testng.SuiteRunnerWorker.run(SuiteRunnerWorker.java:86)
	at org.testng.TestNG.runSuitesSequentially(TestNG.java:1244)
	at org.testng.TestNG.runSuitesLocally(TestNG.java:1169)
	at org.testng.TestNG.run(TestNG.java:1064)
	at org.testng.remote.AbstractRemoteTestNG.run(AbstractRemoteTestNG.java:114)
	at org.testng.remote.RemoteTestNG.initAndRun(RemoteTestNG.java:251)
	at org.testng.remote.RemoteTestNG.main(RemoteTestNG.java:77)
]]>
            </full-stacktrace>
          </exception> <!-- org.openqa.selenium.NoSuchElementException -->
          <reporter-output>
          </reporter-output>
        </test-method> <!-- Launch -->
        <test-method status="SKIP" signature="verifylandingpage()[pri:0, instance:TestScripts.cmslandtestandlinkverify@14bf9759]" name="verifylandingpage" duration-ms="2" started-at="2020-04-25T22:52:22Z" finished-at="2020-04-25T22:52:22Z">
          <reporter-output>
          </reporter-output>
        </test-method> <!-- verifylandingpage -->
        <test-method status="SKIP" signature="close()[pri:0, instance:TestScripts.cmslandtestandlinkverify@14bf9759]" name="close" is-config="true" duration-ms="0" started-at="2020-04-25T22:52:22Z" finished-at="2020-04-25T22:52:22Z">
          <reporter-output>
          </reporter-output>
        </test-method> <!-- close -->
        <test-method status="SKIP" signature="Launch()[pri:0, instance:TestScripts.cmslandtestandlinkverify@14bf9759]" name="Launch" is-config="true" duration-ms="0" started-at="2020-04-25T22:52:22Z" finished-at="2020-04-25T22:52:22Z">
          <reporter-output>
          </reporter-output>
        </test-method> <!-- Launch -->
        <test-method status="SKIP" signature="verifymedialink()[pri:0, instance:TestScripts.cmslandtestandlinkverify@14bf9759]" name="verifymedialink" duration-ms="0" started-at="2020-04-25T22:52:22Z" finished-at="2020-04-25T22:52:22Z">
          <reporter-output>
          </reporter-output>
        </test-method> <!-- verifymedialink -->
        <test-method status="SKIP" signature="close()[pri:0, instance:TestScripts.cmslandtestandlinkverify@14bf9759]" name="close" is-config="true" duration-ms="0" started-at="2020-04-25T22:52:22Z" finished-at="2020-04-25T22:52:22Z">
          <reporter-output>
          </reporter-output>
        </test-method> <!-- close -->
        <test-method status="SKIP" signature="Launch()[pri:0, instance:TestScripts.cmslandtestandlinkverify@14bf9759]" name="Launch" is-config="true" duration-ms="0" started-at="2020-04-25T22:52:22Z" finished-at="2020-04-25T22:52:22Z">
          <reporter-output>
          </reporter-output>
        </test-method> <!-- Launch -->
        <test-method status="SKIP" signature="verifypostlink()[pri:0, instance:TestScripts.cmslandtestandlinkverify@14bf9759]" name="verifypostlink" duration-ms="1" started-at="2020-04-25T22:52:22Z" finished-at="2020-04-25T22:52:22Z">
          <reporter-output>
          </reporter-output>
        </test-method> <!-- verifypostlink -->
        <test-method status="SKIP" signature="close()[pri:0, instance:TestScripts.cmslandtestandlinkverify@14bf9759]" name="close" is-config="true" duration-ms="0" started-at="2020-04-25T22:52:22Z" finished-at="2020-04-25T22:52:22Z">
          <reporter-output>
          </reporter-output>
        </test-method> <!-- close -->
        <test-method status="SKIP" signature="endreport()[pri:0, instance:TestScripts.cmslandtestandlinkverify@14bf9759]" name="endreport" is-config="true" duration-ms="0" started-at="2020-04-25T22:52:22Z" finished-at="2020-04-25T22:52:22Z">
          <reporter-output>
          </reporter-output>
        </test-method> <!-- endreport -->
      </class> <!-- TestScripts.cmslandtestandlinkverify -->
    </test> <!-- Test -->
  </suite> <!-- Suite -->
</testng-results>
